<?xml version="1.0" encoding="UTF-8"?>
<!-- Generated by org.testng.reporters.JUnitXMLReporter -->
<testsuite hostname="DESKTOP-IA0DLJF" ignored="3" name="TestFirefox" tests="4" failures="0" timestamp="28 Jun 2019 17:21:56 GMT" time="0.25" errors="0">
  <testcase name="@BeforeSuite beforeSuite" time="0.032" classname="generic.BaseTest">
    <failure type="java.lang.NoClassDefFoundError" message="com/aventstack/extentreports/reporter/ExtentHtmlReporter">
      <![CDATA[java.lang.NoClassDefFoundError: com/aventstack/extentreports/reporter/ExtentHtmlReporter
at generic.BaseTest.beforeSuite(BaseTest.java:155)
Caused by: java.lang.ClassNotFoundException: com.aventstack.extentreports.reporter.ExtentHtmlReporter
at java.net.URLClassLoader.findClass(Unknown Source)
at java.lang.ClassLoader.loadClass(Unknown Source)
at sun.misc.Launcher$AppClassLoader.loadClass(Unknown Source)
at java.lang.ClassLoader.loadClass(Unknown Source)
... 21 more
... Removed 20 stack frames]]>
    </failure>
  </testcase> <!-- @BeforeSuite beforeSuite -->
  <testcase name="@BeforeTest beforeTest" time="0.0" classname="generic.BaseTest">
    <skipped/>
  </testcase> <!-- @BeforeTest beforeTest -->
  <testcase name="@BeforeClass beforeClass" time="0.0" classname="generic.BaseTest">
    <skipped/>
  </testcase> <!-- @BeforeClass beforeClass -->
  <testcase name="@BeforeMethod beforeMethod" time="0.0" classname="generic.BaseTest">
    <skipped/>
  </testcase> <!-- @BeforeMethod beforeMethod -->
  <testcase name="@AfterMethod tearDown" time="0.0" classname="generic.BaseTest">
    <skipped/>
  </testcase> <!-- @AfterMethod tearDown -->
  <testcase name="@BeforeMethod beforeMethod" time="0.0" classname="generic.BaseTest">
    <skipped/>
  </testcase> <!-- @BeforeMethod beforeMethod -->
  <testcase name="@AfterMethod tearDown" time="0.0" classname="generic.BaseTest">
    <skipped/>
  </testcase> <!-- @AfterMethod tearDown -->
  <testcase name="@AfterClass afterClass" time="0.0" classname="generic.BaseTest">
    <skipped/>
  </testcase> <!-- @AfterClass afterClass -->
  <testcase name="@BeforeClass beforeClass" time="0.0" classname="generic.BaseTest">
    <skipped/>
  </testcase> <!-- @BeforeClass beforeClass -->
  <testcase name="@BeforeMethod beforeMethod" time="0.0" classname="generic.BaseTest">
    <skipped/>
  </testcase> <!-- @BeforeMethod beforeMethod -->
  <testcase name="@AfterMethod tearDown" time="0.0" classname="generic.BaseTest">
    <skipped/>
  </testcase> <!-- @AfterMethod tearDown -->
  <testcase name="@BeforeMethod beforeMethod" time="0.0" classname="generic.BaseTest">
    <skipped/>
  </testcase> <!-- @BeforeMethod beforeMethod -->
  <testcase name="@AfterMethod tearDown" time="0.0" classname="generic.BaseTest">
    <skipped/>
  </testcase> <!-- @AfterMethod tearDown -->
  <testcase name="@AfterClass afterClass" time="0.0" classname="generic.BaseTest">
    <skipped/>
  </testcase> <!-- @AfterClass afterClass -->
  <testcase name="TC5" time="0.0" classname="test.java.com.pulse.Test.ValidLogin3">
    <skipped/>
  </testcase> <!-- TC5 -->
  <testcase name="TC6" time="0.0" classname="test.java.com.pulse.Test.ValidLogin3">
    <skipped/>
  </testcase> <!-- TC6 -->
  <testcase name="TC7" time="0.0" classname="test.java.com.pulse.Test.ValidLogin4">
    <skipped/>
  </testcase> <!-- TC7 -->
  <testcase name="TC8" time="0.0" classname="test.java.com.pulse.Test.ValidLogin4">
    <skipped/>
  </testcase> <!-- TC8 -->
  <testcase name="@AfterSuite testDown" time="0.0" classname="generic.BaseTest">
    <ignored/>
  </testcase> <!-- @AfterSuite testDown -->
  <testcase name="@BeforeSuite beforeSuite" time="0.0" classname="generic.BaseTest">
    <ignored/>
  </testcase> <!-- @BeforeSuite beforeSuite -->
  <testcase name="@BeforeTest beforeTest" time="0.0" classname="generic.BaseTest">
    <ignored/>
  </testcase> <!-- @BeforeTest beforeTest -->
</testsuite> <!-- TestFirefox -->
