<?xml version="1.0" encoding="UTF-8"?>
<testng-results skipped="0" failed="1" ignored="6" total="14" passed="7">
  <reporter-output>
  </reporter-output>
  <suite name="Extent Parallel Test" duration-ms="513177" started-at="2019-06-30T14:18:47Z" finished-at="2019-06-30T14:27:20Z">
    <groups>
      <group name="abc">
        <method signature="ValidLogin1.TC1(java.lang.reflect.Method)[pri:0, instance:test.java.com.pulse.Test.ValidLogin1@57855c9a]" name="TC1" class="test.java.com.pulse.Test.ValidLogin1"/>
      </group> <!-- abc -->
    </groups>
    <test name="TestChrome" duration-ms="462882" started-at="2019-06-30T14:18:47Z" finished-at="2019-06-30T14:26:30Z">
      <class name="test.java.com.pulse.Test.ValidLogin2">
        <test-method status="PASS" signature="beforeClass(org.testng.ITestContext)[pri:0, instance:test.java.com.pulse.Test.ValidLogin2@3b084709]" name="beforeClass" is-config="true" duration-ms="4" started-at="2019-06-30T14:23:39Z" finished-at="2019-06-30T14:23:39Z">
          <params>
            <param index="0">
              <value>
                <![CDATA[org.testng.TestRunner@2c34f934]]>
              </value>
            </param>
          </params>
          <reporter-output>
          </reporter-output>
        </test-method> <!-- beforeClass -->
        <test-method status="PASS" signature="beforeMethod(java.lang.reflect.Method, java.lang.String)[pri:0, instance:test.java.com.pulse.Test.ValidLogin2@3b084709]" name="beforeMethod" is-config="true" duration-ms="7496" started-at="2019-06-30T14:23:39Z" finished-at="2019-06-30T14:23:46Z">
          <params>
            <param index="0">
              <value>
                <![CDATA[public void test.java.com.pulse.Test.ValidLogin2.TC3(java.lang.reflect.Method) throws java.lang.Exception]]>
              </value>
            </param>
            <param index="1">
              <value>
                <![CDATA[chrome]]>
              </value>
            </param>
          </params>
          <reporter-output>
          </reporter-output>
        </test-method> <!-- beforeMethod -->
        <test-method status="PASS" signature="TC3(java.lang.reflect.Method)[pri:0, instance:test.java.com.pulse.Test.ValidLogin2@3b084709]" name="TC3" duration-ms="72043" started-at="2019-06-30T14:23:46Z" description="This test case verifies whether the reading check box is selected." finished-at="2019-06-30T14:24:58Z">
          <params>
            <param index="0">
              <value>
                <![CDATA[public void test.java.com.pulse.Test.ValidLogin2.TC3(java.lang.reflect.Method) throws java.lang.Exception]]>
              </value>
            </param>
          </params>
          <reporter-output>
          </reporter-output>
        </test-method> <!-- TC3 -->
        <test-method status="PASS" signature="tearDown(org.testng.ITestResult)[pri:0, instance:test.java.com.pulse.Test.ValidLogin2@3b084709]" name="tearDown" is-config="true" duration-ms="298" started-at="2019-06-30T14:24:58Z" finished-at="2019-06-30T14:24:59Z">
          <params>
            <param index="0">
              <value>
                <![CDATA[[TestResult name=TC3 status=SUCCESS method=ValidLogin2.TC3(java.lang.reflect.Method)[pri:0, instance:test.java.com.pulse.Test.ValidLogin2@3b084709] output={null}]]]>
              </value>
            </param>
          </params>
          <reporter-output>
          </reporter-output>
        </test-method> <!-- tearDown -->
        <test-method status="PASS" signature="beforeMethod(java.lang.reflect.Method, java.lang.String)[pri:0, instance:test.java.com.pulse.Test.ValidLogin2@3b084709]" name="beforeMethod" is-config="true" duration-ms="11518" started-at="2019-06-30T14:24:59Z" finished-at="2019-06-30T14:25:10Z">
          <params>
            <param index="0">
              <value>
                <![CDATA[public void test.java.com.pulse.Test.ValidLogin2.TC4(java.lang.reflect.Method) throws java.lang.Exception]]>
              </value>
            </param>
            <param index="1">
              <value>
                <![CDATA[chrome]]>
              </value>
            </param>
          </params>
          <reporter-output>
          </reporter-output>
        </test-method> <!-- beforeMethod -->
        <test-method status="PASS" signature="TC4(java.lang.reflect.Method)[pri:0, instance:test.java.com.pulse.Test.ValidLogin2@3b084709]" name="TC4" duration-ms="77946" started-at="2019-06-30T14:25:10Z" description="This test case verifies whether the country is selected." finished-at="2019-06-30T14:26:28Z">
          <params>
            <param index="0">
              <value>
                <![CDATA[public void test.java.com.pulse.Test.ValidLogin2.TC4(java.lang.reflect.Method) throws java.lang.Exception]]>
              </value>
            </param>
          </params>
          <reporter-output>
          </reporter-output>
        </test-method> <!-- TC4 -->
        <test-method status="PASS" signature="tearDown(org.testng.ITestResult)[pri:0, instance:test.java.com.pulse.Test.ValidLogin2@3b084709]" name="tearDown" is-config="true" duration-ms="1683" started-at="2019-06-30T14:26:28Z" finished-at="2019-06-30T14:26:30Z">
          <params>
            <param index="0">
              <value>
                <![CDATA[[TestResult name=TC4 status=SUCCESS method=ValidLogin2.TC4(java.lang.reflect.Method)[pri:0, instance:test.java.com.pulse.Test.ValidLogin2@3b084709] output={null}]]]>
              </value>
            </param>
          </params>
          <reporter-output>
          </reporter-output>
        </test-method> <!-- tearDown -->
        <test-method status="PASS" signature="afterClass()[pri:0, instance:test.java.com.pulse.Test.ValidLogin2@3b084709]" name="afterClass" is-config="true" duration-ms="136" started-at="2019-06-30T14:26:30Z" finished-at="2019-06-30T14:26:30Z">
          <reporter-output>
          </reporter-output>
        </test-method> <!-- afterClass -->
      </class> <!-- test.java.com.pulse.Test.ValidLogin2 -->
      <class name="test.java.com.pulse.Test.ValidLogin1">
        <test-method status="PASS" signature="beforeTest(org.testng.xml.XmlTest)[pri:0, instance:test.java.com.pulse.Test.ValidLogin1@57855c9a]" name="beforeTest" is-config="true" duration-ms="64" started-at="2019-06-30T14:18:47Z" finished-at="2019-06-30T14:18:47Z">
          <params>
            <param index="0">
              <value>
                <![CDATA[org.testng.xml.XmlTest@fe4026d7]]>
              </value>
            </param>
          </params>
          <reporter-output>
          </reporter-output>
        </test-method> <!-- beforeTest -->
        <test-method status="PASS" signature="beforeClass(org.testng.ITestContext)[pri:0, instance:test.java.com.pulse.Test.ValidLogin1@57855c9a]" name="beforeClass" is-config="true" duration-ms="4" started-at="2019-06-30T14:18:47Z" finished-at="2019-06-30T14:18:47Z">
          <params>
            <param index="0">
              <value>
                <![CDATA[org.testng.TestRunner@2c34f934]]>
              </value>
            </param>
          </params>
          <reporter-output>
          </reporter-output>
        </test-method> <!-- beforeClass -->
        <test-method status="PASS" signature="beforeMethod(java.lang.reflect.Method, java.lang.String)[pri:0, instance:test.java.com.pulse.Test.ValidLogin1@57855c9a]" name="beforeMethod" is-config="true" duration-ms="107795" started-at="2019-06-30T14:18:47Z" finished-at="2019-06-30T14:20:35Z">
          <params>
            <param index="0">
              <value>
                <![CDATA[public void test.java.com.pulse.Test.ValidLogin1.TC1(java.lang.reflect.Method) throws java.lang.InterruptedException]]>
              </value>
            </param>
            <param index="1">
              <value>
                <![CDATA[chrome]]>
              </value>
            </param>
          </params>
          <reporter-output>
          </reporter-output>
        </test-method> <!-- beforeMethod -->
        <test-method status="PASS" signature="TC1(java.lang.reflect.Method)[pri:0, instance:test.java.com.pulse.Test.ValidLogin1@57855c9a]" name="TC1" duration-ms="39983" started-at="2019-06-30T14:20:35Z" description="This test case is to verify that the firstname and lastname is entered." finished-at="2019-06-30T14:21:15Z">
          <params>
            <param index="0">
              <value>
                <![CDATA[public void test.java.com.pulse.Test.ValidLogin1.TC1(java.lang.reflect.Method) throws java.lang.InterruptedException]]>
              </value>
            </param>
          </params>
          <reporter-output>
          </reporter-output>
        </test-method> <!-- TC1 -->
        <test-method status="PASS" signature="tearDown(org.testng.ITestResult)[pri:0, instance:test.java.com.pulse.Test.ValidLogin1@57855c9a]" name="tearDown" is-config="true" duration-ms="6716" started-at="2019-06-30T14:21:15Z" finished-at="2019-06-30T14:21:22Z">
          <params>
            <param index="0">
              <value>
                <![CDATA[[TestResult name=TC1 status=SUCCESS method=ValidLogin1.TC1(java.lang.reflect.Method)[pri:0, instance:test.java.com.pulse.Test.ValidLogin1@57855c9a] output={null}]]]>
              </value>
            </param>
          </params>
          <reporter-output>
          </reporter-output>
        </test-method> <!-- tearDown -->
        <test-method status="PASS" signature="beforeMethod(java.lang.reflect.Method, java.lang.String)[pri:0, instance:test.java.com.pulse.Test.ValidLogin1@57855c9a]" name="beforeMethod" is-config="true" duration-ms="73119" started-at="2019-06-30T14:21:22Z" finished-at="2019-06-30T14:22:35Z">
          <params>
            <param index="0">
              <value>
                <![CDATA[public void test.java.com.pulse.Test.ValidLogin1.TC2(java.lang.reflect.Method) throws java.lang.InterruptedException]]>
              </value>
            </param>
            <param index="1">
              <value>
                <![CDATA[chrome]]>
              </value>
            </param>
          </params>
          <reporter-output>
          </reporter-output>
        </test-method> <!-- beforeMethod -->
        <test-method status="FAIL" signature="TC2(java.lang.reflect.Method)[pri:0, instance:test.java.com.pulse.Test.ValidLogin1@57855c9a]" name="TC2" duration-ms="32099" started-at="2019-06-30T14:22:35Z" description="This test case verifies whether the radio button single is selected." finished-at="2019-06-30T14:23:07Z">
          <params>
            <param index="0">
              <value>
                <![CDATA[public void test.java.com.pulse.Test.ValidLogin1.TC2(java.lang.reflect.Method) throws java.lang.InterruptedException]]>
              </value>
            </param>
          </params>
          <exception class="java.lang.AssertionError">
            <message>
              <![CDATA[expected [Google] but found [www.google.com]]]>
            </message>
            <full-stacktrace>
              <![CDATA[java.lang.AssertionError: expected [Google] but found [www.google.com]
at org.testng.Assert.fail(Assert.java:96)
at org.testng.Assert.failNotEquals(Assert.java:776)
at org.testng.Assert.assertEqualsImpl(Assert.java:137)
at org.testng.Assert.assertEquals(Assert.java:118)
at org.testng.Assert.assertEquals(Assert.java:453)
at org.testng.Assert.assertEquals(Assert.java:463)
at test.java.com.pulse.Test.ValidLogin1.TC2(ValidLogin1.java:132)
at sun.reflect.NativeMethodAccessorImpl.invoke0(Native Method)
at sun.reflect.NativeMethodAccessorImpl.invoke(Unknown Source)
at sun.reflect.DelegatingMethodAccessorImpl.invoke(Unknown Source)
at java.lang.reflect.Method.invoke(Unknown Source)
at org.testng.internal.MethodInvocationHelper.invokeMethod(MethodInvocationHelper.java:124)
at org.testng.internal.Invoker.invokeMethod(Invoker.java:580)
at org.testng.internal.Invoker.invokeTestMethod(Invoker.java:716)
at org.testng.internal.Invoker.invokeTestMethods(Invoker.java:988)
at org.testng.internal.TestMethodWorker.invokeTestMethods(TestMethodWorker.java:125)
at org.testng.internal.TestMethodWorker.run(TestMethodWorker.java:109)
at org.testng.TestRunner.privateRun(TestRunner.java:648)
at org.testng.TestRunner.run(TestRunner.java:505)
at org.testng.SuiteRunner.runTest(SuiteRunner.java:455)
at org.testng.SuiteRunner.access$000(SuiteRunner.java:40)
at org.testng.SuiteRunner$SuiteWorker.run(SuiteRunner.java:489)
at org.testng.internal.thread.ThreadUtil$1.call(ThreadUtil.java:52)
at java.util.concurrent.FutureTask.run(Unknown Source)
at java.util.concurrent.ThreadPoolExecutor.runWorker(Unknown Source)
at java.util.concurrent.ThreadPoolExecutor$Worker.run(Unknown Source)
at java.lang.Thread.run(Unknown Source)
]]>
            </full-stacktrace>
          </exception> <!-- java.lang.AssertionError -->
          <reporter-output>
          </reporter-output>
        </test-method> <!-- TC2 -->
        <test-method status="PASS" signature="tearDown(org.testng.ITestResult)[pri:0, instance:test.java.com.pulse.Test.ValidLogin1@57855c9a]" name="tearDown" is-config="true" duration-ms="772" started-at="2019-06-30T14:23:07Z" finished-at="2019-06-30T14:23:08Z">
          <params>
            <param index="0">
              <value>
                <![CDATA[[TestResult name=TC2 status=FAILURE method=ValidLogin1.TC2(java.lang.reflect.Method)[pri:0, instance:test.java.com.pulse.Test.ValidLogin1@57855c9a] output={null}]]]>
              </value>
            </param>
          </params>
          <reporter-output>
          </reporter-output>
        </test-method> <!-- tearDown -->
        <test-method status="PASS" signature="afterClass()[pri:0, instance:test.java.com.pulse.Test.ValidLogin1@57855c9a]" name="afterClass" is-config="true" duration-ms="30922" started-at="2019-06-30T14:23:08Z" finished-at="2019-06-30T14:23:39Z">
          <reporter-output>
          </reporter-output>
        </test-method> <!-- afterClass -->
      </class> <!-- test.java.com.pulse.Test.ValidLogin1 -->
    </test> <!-- TestChrome -->
    <test name="TestFirefox" duration-ms="513177" started-at="2019-06-30T14:18:47Z" finished-at="2019-06-30T14:27:20Z">
      <class name="test.java.com.pulse.Test.ValidLogin4">
        <test-method status="PASS" signature="beforeClass(org.testng.ITestContext)[pri:0, instance:test.java.com.pulse.Test.ValidLogin4@396f6598]" name="beforeClass" is-config="true" duration-ms="0" started-at="2019-06-30T14:24:26Z" finished-at="2019-06-30T14:24:26Z">
          <params>
            <param index="0">
              <value>
                <![CDATA[org.testng.TestRunner@55ca8de8]]>
              </value>
            </param>
          </params>
          <reporter-output>
          </reporter-output>
        </test-method> <!-- beforeClass -->
        <test-method status="PASS" signature="beforeMethod(java.lang.reflect.Method, java.lang.String)[pri:0, instance:test.java.com.pulse.Test.ValidLogin4@396f6598]" name="beforeMethod" is-config="true" duration-ms="24139" started-at="2019-06-30T14:24:26Z" finished-at="2019-06-30T14:24:51Z">
          <params>
            <param index="0">
              <value>
                <![CDATA[public void test.java.com.pulse.Test.ValidLogin4.TC7(java.lang.reflect.Method) throws java.lang.Exception]]>
              </value>
            </param>
            <param index="1">
              <value>
                <![CDATA[chrome]]>
              </value>
            </param>
          </params>
          <reporter-output>
          </reporter-output>
        </test-method> <!-- beforeMethod -->
        <test-method status="PASS" signature="TC7(java.lang.reflect.Method)[pri:0, instance:test.java.com.pulse.Test.ValidLogin4@396f6598]" name="TC7" duration-ms="120787" started-at="2019-06-30T14:24:51Z" finished-at="2019-06-30T14:26:51Z">
          <params>
            <param index="0">
              <value>
                <![CDATA[public void test.java.com.pulse.Test.ValidLogin4.TC7(java.lang.reflect.Method) throws java.lang.Exception]]>
              </value>
            </param>
          </params>
          <reporter-output>
          </reporter-output>
        </test-method> <!-- TC7 -->
        <test-method status="PASS" signature="tearDown(org.testng.ITestResult)[pri:0, instance:test.java.com.pulse.Test.ValidLogin4@396f6598]" name="tearDown" is-config="true" duration-ms="109" started-at="2019-06-30T14:26:51Z" finished-at="2019-06-30T14:26:52Z">
          <params>
            <param index="0">
              <value>
                <![CDATA[[TestResult name=TC7 status=SUCCESS method=ValidLogin4.TC7(java.lang.reflect.Method)[pri:0, instance:test.java.com.pulse.Test.ValidLogin4@396f6598] output={null}]]]>
              </value>
            </param>
          </params>
          <reporter-output>
          </reporter-output>
        </test-method> <!-- tearDown -->
        <test-method status="PASS" signature="beforeMethod(java.lang.reflect.Method, java.lang.String)[pri:0, instance:test.java.com.pulse.Test.ValidLogin4@396f6598]" name="beforeMethod" is-config="true" duration-ms="6958" started-at="2019-06-30T14:26:52Z" finished-at="2019-06-30T14:26:58Z">
          <params>
            <param index="0">
              <value>
                <![CDATA[public void test.java.com.pulse.Test.ValidLogin4.TC8(java.lang.reflect.Method) throws java.lang.Exception]]>
              </value>
            </param>
            <param index="1">
              <value>
                <![CDATA[chrome]]>
              </value>
            </param>
          </params>
          <reporter-output>
          </reporter-output>
        </test-method> <!-- beforeMethod -->
        <test-method status="PASS" signature="TC8(java.lang.reflect.Method)[pri:0, instance:test.java.com.pulse.Test.ValidLogin4@396f6598]" name="TC8" duration-ms="21668" started-at="2019-06-30T14:26:58Z" finished-at="2019-06-30T14:27:20Z">
          <params>
            <param index="0">
              <value>
                <![CDATA[public void test.java.com.pulse.Test.ValidLogin4.TC8(java.lang.reflect.Method) throws java.lang.Exception]]>
              </value>
            </param>
          </params>
          <reporter-output>
          </reporter-output>
        </test-method> <!-- TC8 -->
        <test-method status="PASS" signature="tearDown(org.testng.ITestResult)[pri:0, instance:test.java.com.pulse.Test.ValidLogin4@396f6598]" name="tearDown" is-config="true" duration-ms="63" started-at="2019-06-30T14:27:20Z" finished-at="2019-06-30T14:27:20Z">
          <params>
            <param index="0">
              <value>
                <![CDATA[[TestResult name=TC8 status=SUCCESS method=ValidLogin4.TC8(java.lang.reflect.Method)[pri:0, instance:test.java.com.pulse.Test.ValidLogin4@396f6598] output={null}]]]>
              </value>
            </param>
          </params>
          <reporter-output>
          </reporter-output>
        </test-method> <!-- tearDown -->
        <test-method status="PASS" signature="afterClass()[pri:0, instance:test.java.com.pulse.Test.ValidLogin4@396f6598]" name="afterClass" is-config="true" duration-ms="78" started-at="2019-06-30T14:27:20Z" finished-at="2019-06-30T14:27:20Z">
          <reporter-output>
          </reporter-output>
        </test-method> <!-- afterClass -->
      </class> <!-- test.java.com.pulse.Test.ValidLogin4 -->
      <class name="test.java.com.pulse.Test.ValidLogin3">
        <test-method status="PASS" signature="beforeSuite()[pri:0, instance:test.java.com.pulse.Test.ValidLogin3@5a1c0542]" name="beforeSuite" is-config="true" duration-ms="2788" started-at="2019-06-30T14:18:44Z" finished-at="2019-06-30T14:18:47Z">
          <reporter-output>
          </reporter-output>
        </test-method> <!-- beforeSuite -->
        <test-method status="PASS" signature="beforeTest(org.testng.xml.XmlTest)[pri:0, instance:test.java.com.pulse.Test.ValidLogin3@5a1c0542]" name="beforeTest" is-config="true" duration-ms="68" started-at="2019-06-30T14:18:47Z" finished-at="2019-06-30T14:18:47Z">
          <params>
            <param index="0">
              <value>
                <![CDATA[org.testng.xml.XmlTest@42aba53c]]>
              </value>
            </param>
          </params>
          <reporter-output>
          </reporter-output>
        </test-method> <!-- beforeTest -->
        <test-method status="PASS" signature="beforeClass(org.testng.ITestContext)[pri:0, instance:test.java.com.pulse.Test.ValidLogin3@5a1c0542]" name="beforeClass" is-config="true" duration-ms="4" started-at="2019-06-30T14:18:47Z" finished-at="2019-06-30T14:18:47Z">
          <params>
            <param index="0">
              <value>
                <![CDATA[org.testng.TestRunner@55ca8de8]]>
              </value>
            </param>
          </params>
          <reporter-output>
          </reporter-output>
        </test-method> <!-- beforeClass -->
        <test-method status="PASS" signature="beforeMethod(java.lang.reflect.Method, java.lang.String)[pri:0, instance:test.java.com.pulse.Test.ValidLogin3@5a1c0542]" name="beforeMethod" is-config="true" duration-ms="107795" started-at="2019-06-30T14:18:47Z" finished-at="2019-06-30T14:20:35Z">
          <params>
            <param index="0">
              <value>
                <![CDATA[public void test.java.com.pulse.Test.ValidLogin3.TC5(java.lang.reflect.Method) throws java.lang.Exception]]>
              </value>
            </param>
            <param index="1">
              <value>
                <![CDATA[chrome]]>
              </value>
            </param>
          </params>
          <reporter-output>
          </reporter-output>
        </test-method> <!-- beforeMethod -->
        <test-method status="PASS" signature="TC5(java.lang.reflect.Method)[pri:0, instance:test.java.com.pulse.Test.ValidLogin3@5a1c0542]" name="TC5" duration-ms="196508" started-at="2019-06-30T14:20:35Z" finished-at="2019-06-30T14:23:52Z">
          <params>
            <param index="0">
              <value>
                <![CDATA[public void test.java.com.pulse.Test.ValidLogin3.TC5(java.lang.reflect.Method) throws java.lang.Exception]]>
              </value>
            </param>
          </params>
          <reporter-output>
          </reporter-output>
        </test-method> <!-- TC5 -->
        <test-method status="PASS" signature="tearDown(org.testng.ITestResult)[pri:0, instance:test.java.com.pulse.Test.ValidLogin3@5a1c0542]" name="tearDown" is-config="true" duration-ms="240" started-at="2019-06-30T14:23:52Z" finished-at="2019-06-30T14:23:52Z">
          <params>
            <param index="0">
              <value>
                <![CDATA[[TestResult name=TC5 status=SUCCESS method=ValidLogin3.TC5(java.lang.reflect.Method)[pri:0, instance:test.java.com.pulse.Test.ValidLogin3@5a1c0542] output={null}]]]>
              </value>
            </param>
          </params>
          <reporter-output>
          </reporter-output>
        </test-method> <!-- tearDown -->
        <test-method status="PASS" signature="beforeMethod(java.lang.reflect.Method, java.lang.String)[pri:0, instance:test.java.com.pulse.Test.ValidLogin3@5a1c0542]" name="beforeMethod" is-config="true" duration-ms="9109" started-at="2019-06-30T14:23:52Z" finished-at="2019-06-30T14:24:01Z">
          <params>
            <param index="0">
              <value>
                <![CDATA[public void test.java.com.pulse.Test.ValidLogin3.TC6(java.lang.reflect.Method) throws java.lang.Exception]]>
              </value>
            </param>
            <param index="1">
              <value>
                <![CDATA[chrome]]>
              </value>
            </param>
          </params>
          <reporter-output>
          </reporter-output>
        </test-method> <!-- beforeMethod -->
        <test-method status="PASS" signature="TC6(java.lang.reflect.Method)[pri:0, instance:test.java.com.pulse.Test.ValidLogin3@5a1c0542]" name="TC6" duration-ms="24650" started-at="2019-06-30T14:24:01Z" finished-at="2019-06-30T14:24:26Z">
          <params>
            <param index="0">
              <value>
                <![CDATA[public void test.java.com.pulse.Test.ValidLogin3.TC6(java.lang.reflect.Method) throws java.lang.Exception]]>
              </value>
            </param>
          </params>
          <reporter-output>
          </reporter-output>
        </test-method> <!-- TC6 -->
        <test-method status="PASS" signature="tearDown(org.testng.ITestResult)[pri:0, instance:test.java.com.pulse.Test.ValidLogin3@5a1c0542]" name="tearDown" is-config="true" duration-ms="679" started-at="2019-06-30T14:24:26Z" finished-at="2019-06-30T14:24:26Z">
          <params>
            <param index="0">
              <value>
                <![CDATA[[TestResult name=TC6 status=SUCCESS method=ValidLogin3.TC6(java.lang.reflect.Method)[pri:0, instance:test.java.com.pulse.Test.ValidLogin3@5a1c0542] output={null}]]]>
              </value>
            </param>
          </params>
          <reporter-output>
          </reporter-output>
        </test-method> <!-- tearDown -->
        <test-method status="PASS" signature="afterClass()[pri:0, instance:test.java.com.pulse.Test.ValidLogin3@5a1c0542]" name="afterClass" is-config="true" duration-ms="242" started-at="2019-06-30T14:24:26Z" finished-at="2019-06-30T14:24:26Z">
          <reporter-output>
          </reporter-output>
        </test-method> <!-- afterClass -->
        <test-method status="PASS" signature="testDown()[pri:0, instance:test.java.com.pulse.Test.ValidLogin3@5a1c0542]" name="testDown" is-config="true" duration-ms="0" started-at="2019-06-30T14:27:20Z" finished-at="2019-06-30T14:27:20Z">
          <reporter-output>
          </reporter-output>
        </test-method> <!-- testDown -->
      </class> <!-- test.java.com.pulse.Test.ValidLogin3 -->
    </test> <!-- TestFirefox -->
  </suite> <!-- Extent Parallel Test -->
</testng-results>
